newCalendarView/build/intermediates/manifest_merge_blame_file/debug/manifest-merger-blame-debug-report.txt
1<?xml version="1.0" encoding="utf-8"?>
2<manifest xmlns:android="http://schemas.android.com/apk/res/android"
3    package="com.mustafaferhan.mfcalendarview"
4    android:versionCode="1"
5    android:versionName="1.0" > <!-- android:icon="@drawable/ic_launcher" -->
6    <uses-sdk
7        android:minSdkVersion="16"
7-->src\main\AndroidManifest.xml
8        android:targetSdkVersion="29" />
8-->src\main\AndroidManifest.xml
9
10    <uses-permission android:name="android.permission.CAMERA" />
10-->src\main\AndroidManifest.xml:12:5-65
10-->src\main\AndroidManifest.xml:12:22-62
11
12    <application
12-->src\main\AndroidManifest.xml:6:5-11:19
13        android:allowBackup="true"
13-->src\main\AndroidManifest.xml:7:9-35
14        android:label="@string/app_name"
14-->src\main\AndroidManifest.xml:9:9-41
15        android:theme="@style/AppTheme" >
15-->src\main\AndroidManifest.xml:10:9-40
16    </application>
17
18</manifest>